<?xml version="1.0" encoding="UTF-8"?>
<!-- Generated by org.testng.reporters.JUnitReportReporter -->
<testsuite skipped="0" hostname="DESKTOP-OADTHBB" name="Execution.execute" tests="1" failures="0" timestamp="04 May 2018 14:10:03 GMT" time="50.116" errors="0">
  <testcase name="process" time="50.116" classname="Execution.execute"/>
</testsuite> <!-- Execution.execute -->
